2021-08-18T13:01:40.521 CAS Creating directory C:\Users\avots\AppData\Local\Temp\junit6462455864128151916\Internal\MD5\Shared Data\Program Files\AFIS
2021-08-18T13:01:40.522 CAS Hashing: C:\Users\avots\AppData\Local\Temp\junit6462455864128151916\Internal\MD5\Shared Data\Program Files\AFIS\AFIS.xbs.md5
2021-08-18T13:01:40.563 CAS Zipping: C:\Users\avots\AppData\Local\Temp\junit2678553656115661405\Shared Data.zip
2021-08-18T13:01:40.573 CAS Zipping: C:\Users\avots\AppData\Local\Temp\junit2678553656115661405\Shared Data\Program Files.zip
2021-08-18T13:01:40.581 CAS Zipping: C:\Users\avots\AppData\Local\Temp\junit2678553656115661405\Shared Data\Program Files\AFIS.zip
2021-08-18T13:01:40.616 CAS Zipping: C:\Users\avots\AppData\Local\Temp\junit16387372820076926520\Internal.zip
2021-08-18T13:01:40.621 CAS Zipping: C:\Users\avots\AppData\Local\Temp\junit16387372820076926520\Internal\MD5.zip
2021-08-18T13:01:40.632 CAS Zipping: C:\Users\avots\AppData\Local\Temp\junit16387372820076926520\Shared Data.zip
2021-08-18T13:01:40.642 CAS Zipping: C:\Users\avots\AppData\Local\Temp\junit16387372820076926520\Shared Data\Program Files.zip
2021-08-18T13:01:40.651 CAS Zipping: C:\Users\avots\AppData\Local\Temp\junit16387372820076926520\Shared Data\Program Files\AFIS.zip
2021-08-18T13:01:40.655 CAS Hashing: C:\Users\avots\AppData\Local\Temp\junit16387372820076926520\Internal\MD5\Internal.zip.md5
2021-08-18T13:01:40.660 CAS Creating directory C:\Users\avots\AppData\Local\Temp\junit16387372820076926520\Internal\MD5\Shared Data\Program Files\AFIS
2021-08-18T13:01:40.660 CAS Hashing: C:\Users\avots\AppData\Local\Temp\junit16387372820076926520\Internal\MD5\Shared Data\Program Files\AFIS\AFIS.xbs.md5
2021-08-18T13:01:40.663 CAS Hashing: C:\Users\avots\AppData\Local\Temp\junit16387372820076926520\Internal\MD5\Shared Data\Program Files\AFIS\AFIS.xbs.md5.md5
2021-08-18T13:01:40.666 CAS Hashing: C:\Users\avots\AppData\Local\Temp\junit16387372820076926520\Internal\MD5\Shared Data\Program Files\AFIS.zip.md5
2021-08-18T13:01:40.668 CAS Hashing: C:\Users\avots\AppData\Local\Temp\junit16387372820076926520\Internal\MD5\Shared Data\Program Files.zip.md5
2021-08-18T13:01:40.671 CAS Hashing: C:\Users\avots\AppData\Local\Temp\junit16387372820076926520\Internal\MD5\Shared Data.zip.md5
2021-08-18T13:01:40.680 CAS Hashing: C:\Users\avots\AppData\Local\Temp\junit16387372820076926520\Internal\MD5\Internal.zip.md5
2021-08-18T13:01:40.682 CAS Hashing: C:\Users\avots\AppData\Local\Temp\junit16387372820076926520\Internal\MD5\Shared Data\Program Files\AFIS\AFIS.xbs.md5
2021-08-18T13:01:40.685 CAS Hashing: C:\Users\avots\AppData\Local\Temp\junit16387372820076926520\Internal\MD5\Shared Data\Program Files\AFIS\AFIS.xbs.md5.md5
2021-08-18T13:01:40.687 CAS Hashing: C:\Users\avots\AppData\Local\Temp\junit16387372820076926520\Internal\MD5\Shared Data\Program Files\AFIS.zip.md5
2021-08-18T13:01:40.689 CAS Hashing: C:\Users\avots\AppData\Local\Temp\junit16387372820076926520\Internal\MD5\Shared Data\Program Files.zip.md5
2021-08-18T13:01:40.692 CAS Hashing: C:\Users\avots\AppData\Local\Temp\junit16387372820076926520\Internal\MD5\Shared Data.zip.md5
